-------------------------------------------------------------------------------
Test set: com.fx.calc.CalcApplicationTests
-------------------------------------------------------------------------------
Tests run: 2, Failures: 1, Errors: 0, Skipped: 0, Time elapsed: 3.449 s <<< FAILURE! - in com.fx.calc.CalcApplicationTests
testCalculateInvoice(com.fx.calc.CalcApplicationTests)  Time elapsed: 0.107 s  <<< FAILURE!
java.lang.AssertionError: Status expected:<200> but was:<500>
	at com.fx.calc.CalcApplicationTests.testCalculateInvoice(CalcApplicationTests.java:46)

