-------------------------------------------------------------------------------
Test set: com.fx.calc.CalcApplicationTests
-------------------------------------------------------------------------------
Tests run: 1, Failures: 1, Errors: 0, Skipped: 0, Time elapsed: 2.7 s <<< FAILURE! - in com.fx.calc.CalcApplicationTests
validUsdAmountAndDateShouldSuceed(com.fx.calc.CalcApplicationTests)  Time elapsed: 0.182 s  <<< FAILURE!
java.lang.AssertionError: Status expected:<200> but was:<500>
	at com.fx.calc.CalcApplicationTests.validUsdAmountAndDateShouldSuceed(CalcApplicationTests.java:43)

